<?xml version="1.0" encoding="UTF-8"?>
<!-- Generated by org.testng.reporters.JUnitXMLReporter -->
<testsuite hostname="LAPTOP-4BK013Q7" ignored="3" name="Default test" tests="3" failures="0" timestamp="2021-12-10T16:19:16 IST" time="9.153" errors="0">
  <testcase name="login1" time="3.215" classname="test.AutomationTest"/>
  <testcase name="login2" time="2.511" classname="test.AutomationTest"/>
  <testcase name="login3" time="2.341" classname="test.AutomationTest"/>
  <testcase name="verifySocialLinks" time="0.0" classname="test.AutomationTest">
    <ignored/>
  </testcase> <!-- verifySocialLinks -->
  <testcase name="addProducts" time="0.0" classname="test.AutomationTest">
    <ignored/>
  </testcase> <!-- addProducts -->
  <testcase name="sortProducts" time="0.0" classname="test.AutomationTest">
    <ignored/>
  </testcase> <!-- sortProducts -->
</testsuite> <!-- Default test -->
