<?xml version="1.0" encoding="UTF-8"?>
<!-- Generated by org.testng.reporters.JUnitXMLReporter -->
<testsuite hostname="Vinays" ignored="5" name="Test" tests="1" failures="1" timestamp="2022-01-24T14:46:08 IST" time="0.872" errors="0">
  <testcase name="addProducts" time="0.012" classname="test.AutomationTest">
    <failure type="java.lang.NullPointerException" message="null value in entry: url=null">
      <![CDATA[java.lang.NullPointerException: null value in entry: url=null
at com.google.common.collect.CollectPreconditions.checkEntryNotNull(CollectPreconditions.java:33)
at com.google.common.collect.SingletonImmutableBiMap.<init>(SingletonImmutableBiMap.java:43)
at com.google.common.collect.ImmutableBiMap.of(ImmutableBiMap.java:81)
at com.google.common.collect.ImmutableMap.of(ImmutableMap.java:126)
at org.openqa.selenium.remote.DriverCommand.GET(DriverCommand.java:76)
at org.openqa.selenium.remote.RemoteWebDriver.get(RemoteWebDriver.java:328)
at test.AutomationTest.addProducts(AutomationTest.java:29)
at java.util.ArrayList.forEach(ArrayList.java:1259)
... Removed 27 stack frames]]>
    </failure>
  </testcase> <!-- addProducts -->
  <testcase name="login1" time="0.0" classname="test.AutomationTest">
    <ignored/>
  </testcase> <!-- login1 -->
  <testcase name="login3" time="0.0" classname="test.AutomationTest">
    <ignored/>
  </testcase> <!-- login3 -->
  <testcase name="verifySocialLinks" time="0.0" classname="test.AutomationTest">
    <ignored/>
  </testcase> <!-- verifySocialLinks -->
  <testcase name="login2" time="0.0" classname="test.AutomationTest">
    <ignored/>
  </testcase> <!-- login2 -->
  <testcase name="sortProducts" time="0.0" classname="test.AutomationTest">
    <ignored/>
  </testcase> <!-- sortProducts -->
</testsuite> <!-- Test -->
