<?xml version="1.0" encoding="UTF-8"?>
<!-- Generated by org.testng.reporters.JUnitXMLReporter -->
<testsuite hostname="LAPTOP-4BK013Q7" ignored="5" name="Test" tests="1" failures="0" timestamp="2021-12-11T16:28:23 IST" time="16.292" errors="0">
  <testcase name="addProducts" time="16.253" classname="test.AutomationTest"/>
  <testcase name="login1" time="0.0" classname="test.AutomationTest">
    <ignored/>
  </testcase> <!-- login1 -->
  <testcase name="login3" time="0.0" classname="test.AutomationTest">
    <ignored/>
  </testcase> <!-- login3 -->
  <testcase name="verifySocialLinks" time="0.0" classname="test.AutomationTest">
    <ignored/>
  </testcase> <!-- verifySocialLinks -->
  <testcase name="login2" time="0.0" classname="test.AutomationTest">
    <ignored/>
  </testcase> <!-- login2 -->
  <testcase name="sortProducts" time="0.0" classname="test.AutomationTest">
    <ignored/>
  </testcase> <!-- sortProducts -->
</testsuite> <!-- Test -->
