<?xml version="1.0" encoding="UTF-8"?>
<testng-results skipped="0" failed="0" ignored="5" total="6" passed="1">
  <reporter-output>
  </reporter-output>
  <suite name="Suite" duration-ms="16292" started-at="2021-12-11T16:28:06 IST" finished-at="2021-12-11T16:28:23 IST">
    <groups>
    </groups>
    <test name="Test" duration-ms="16292" started-at="2021-12-11T16:28:06 IST" finished-at="2021-12-11T16:28:23 IST">
      <class name="test.AutomationTest">
        <test-method status="PASS" signature="addProducts()[pri:0, instance:test.AutomationTest@295eaa7c]" name="addProducts" duration-ms="16253" started-at="2021-12-11T16:28:06 IST" finished-at="2021-12-11T16:28:23 IST">
          <reporter-output>
          </reporter-output>
        </test-method> <!-- addProducts -->
        <test-method status="PASS" signature="closeDriver()[pri:0, instance:test.AutomationTest@295eaa7c]" name="closeDriver" is-config="true" duration-ms="75" started-at="2021-12-11T16:28:23 IST" finished-at="2021-12-11T16:28:23 IST">
          <reporter-output>
          </reporter-output>
        </test-method> <!-- closeDriver -->
      </class> <!-- test.AutomationTest -->
    </test> <!-- Test -->
  </suite> <!-- Suite -->
</testng-results>
